<?xml version="1.0" encoding="UTF-8"?>
<testsuite xmlns:xsi="http://www.w3.org/2001/XMLSchema-instance" xsi:noNamespaceSchemaLocation="https://maven.apache.org/surefire/maven-surefire-plugin/xsd/surefire-test-report.xsd" name="com.example.demo1.MainPageTest" time="5.557" tests="9" errors="0" skipped="8" failures="1">
  <properties>
[...]
</properties>
  <testcase name="setUp" classname="com.example.demo1.MainPageTest" time="5.065">
    <failure message="session not created: This version of ChromeDriver only supports Chrome version 114&#10;Current browser version is 133.0.6943.60 with binary path C:\Program Files\Google\Chrome\Application\chrome.exe&#10;Build info: version: &apos;3.141.59&apos;, revision: &apos;e82be7d358&apos;, time: &apos;2018-11-14T08:17:03&apos;&#10;System info: host: &apos;DESKTOP-LJON59K&apos;, ip: &apos;192.168.0.151&apos;, os.name: &apos;Windows 11&apos;, os.arch: &apos;amd64&apos;, os.version: &apos;10.0&apos;, java.version: &apos;23.0.2&apos;&#10;Driver info: driver.version: ChromeDriver&#10;remote stacktrace: Backtrace:&#10;	GetHandleVerifier [0x00B9A813+48355]&#10;	(No symbol) [0x00B2C4B1]&#10;	(No symbol) [0x00A35358]&#10;	(No symbol) [0x00A561AC]&#10;	(No symbol) [0x00A51EF3]&#10;	(No symbol) [0x00A50579]&#10;	(No symbol) [0x00A80C55]&#10;	(No symbol) [0x00A8093C]&#10;	(No symbol) [0x00A7A536]&#10;	(No symbol) [0x00A582DC]&#10;	(No symbol) [0x00A593DD]&#10;	GetHandleVerifier [0x00DFAABD+2539405]&#10;	GetHandleVerifier [0x00E3A78F+2800735]&#10;	GetHandleVerifier [0x00E3456C+2775612]&#10;	GetHandleVerifier [0x00C251E0+616112]&#10;	(No symbol) [0x00B35F8C]&#10;	(No symbol) [0x00B32328]&#10;	(No symbol) [0x00B3240B]&#10;	(No symbol) [0x00B24FF7]&#10;	BaseThreadInitThunk [0x75FF5D49+25]&#10;	RtlInitializeExceptionChain [0x7780CDEB+107]&#10;	RtlGetAppContainerNamedObjectPath [0x7780CD71+561]&#10;" type="org.openqa.selenium.SessionNotCreatedException">org.openqa.selenium.SessionNotCreatedException: 
session not created: This version of ChromeDriver only supports Chrome version 114
Current browser version is 133.0.6943.60 with binary path C:\Program Files\Google\Chrome\Application\chrome.exe
Build info: version: '3.141.59', revision: 'e82be7d358', time: '2018-11-14T08:17:03'
System info: host: 'DESKTOP-LJON59K', ip: '192.168.0.151', os.name: 'Windows 11', os.arch: 'amd64', os.version: '10.0', java.version: '23.0.2'
Driver info: driver.version: ChromeDriver
remote stacktrace: Backtrace:
	GetHandleVerifier [0x00B9A813+48355]
	(No symbol) [0x00B2C4B1]
	(No symbol) [0x00A35358]
	(No symbol) [0x00A561AC]
	(No symbol) [0x00A51EF3]
	(No symbol) [0x00A50579]
	(No symbol) [0x00A80C55]
	(No symbol) [0x00A8093C]
	(No symbol) [0x00A7A536]
	(No symbol) [0x00A582DC]
	(No symbol) [0x00A593DD]
	GetHandleVerifier [0x00DFAABD+2539405]
	GetHandleVerifier [0x00E3A78F+2800735]
	GetHandleVerifier [0x00E3456C+2775612]
	GetHandleVerifier [0x00C251E0+616112]
	(No symbol) [0x00B35F8C]
	(No symbol) [0x00B32328]
	(No symbol) [0x00B3240B]
	(No symbol) [0x00B24FF7]
	BaseThreadInitThunk [0x75FF5D49+25]
	RtlInitializeExceptionChain [0x7780CDEB+107]
	RtlGetAppContainerNamedObjectPath [0x7780CD71+561]

	at com.example.demo1.MainPageTest.setUp(MainPageTest.java:29)
</failure>
    <system-out><![CDATA[[Configuration] [WARN] Detected a static method [com.example.demo1.MainPageTest.setupClass()]. Static configuration methods can cause  unexpected behavior.
]]></system-out>
    <system-err><![CDATA[[main] ERROR io.github.bonigarcia.wdm.online.HttpClient - Error HTTP 404 executing https://chromedriver.storage.googleapis.com/LATEST_RELEASE_133
[main] WARN io.github.bonigarcia.wdm.versions.VersionDetector - Exception reading https://chromedriver.storage.googleapis.com/LATEST_RELEASE_133 to get latest version of chromedriver (Error HTTP 404 executing https://chromedriver.storage.googleapis.com/LATEST_RELEASE_133)
[main] INFO io.github.bonigarcia.wdm.WebDriverManager - Exporting webdriver.chrome.driver as C:\Users\Anitha\.cache\selenium\chromedriver\win32\114.0.5735.90\chromedriver.exe
Starting ChromeDriver 114.0.5735.90 (386bc09e8f4f2e025eddae123f36f6263096ae49-refs/branch-heads/5735@{#1052}) on port 16429
Only local connections are allowed.
Please see https://chromedriver.chromium.org/security-considerations for suggestions on keeping ChromeDriver safe.
ChromeDriver was started successfully.
]]></system-err>
  </testcase>
  <testcase name="setUp" classname="com.example.demo1.MainPageTest" time="0">
    <skipped/>
  </testcase>
  <testcase name="setUp" classname="com.example.demo1.MainPageTest" time="0">
    <skipped/>
  </testcase>
  <testcase name="navigationToAllTools" classname="com.example.demo1.MainPageTest" time="0">
    <skipped message="session not created: This version of ChromeDriver only supports Chrome version 114&#10;Current browser version is 133.0.6943.60 with binary path C:\Program Files\Google\Chrome\Application\chrome.exe&#10;Build info: version: &apos;3.141.59&apos;, revision: &apos;e82be7d358&apos;, time: &apos;2018-11-14T08:17:03&apos;&#10;System info: host: &apos;DESKTOP-LJON59K&apos;, ip: &apos;192.168.0.151&apos;, os.name: &apos;Windows 11&apos;, os.arch: &apos;amd64&apos;, os.version: &apos;10.0&apos;, java.version: &apos;23.0.2&apos;&#10;Driver info: driver.version: ChromeDriver&#10;remote stacktrace: Backtrace:&#10;	GetHandleVerifier [0x00B9A813+48355]&#10;	(No symbol) [0x00B2C4B1]&#10;	(No symbol) [0x00A35358]&#10;	(No symbol) [0x00A561AC]&#10;	(No symbol) [0x00A51EF3]&#10;	(No symbol) [0x00A50579]&#10;	(No symbol) [0x00A80C55]&#10;	(No symbol) [0x00A8093C]&#10;	(No symbol) [0x00A7A536]&#10;	(No symbol) [0x00A582DC]&#10;	(No symbol) [0x00A593DD]&#10;	GetHandleVerifier [0x00DFAABD+2539405]&#10;	GetHandleVerifier [0x00E3A78F+2800735]&#10;	GetHandleVerifier [0x00E3456C+2775612]&#10;	GetHandleVerifier [0x00C251E0+616112]&#10;	(No symbol) [0x00B35F8C]&#10;	(No symbol) [0x00B32328]&#10;	(No symbol) [0x00B3240B]&#10;	(No symbol) [0x00B24FF7]&#10;	BaseThreadInitThunk [0x75FF5D49+25]&#10;	RtlInitializeExceptionChain [0x7780CDEB+107]&#10;	RtlGetAppContainerNamedObjectPath [0x7780CD71+561]&#10;"/>
  </testcase>
  <testcase name="tearDown" classname="com.example.demo1.MainPageTest" time="0">
    <skipped/>
  </testcase>
  <testcase name="tearDown" classname="com.example.demo1.MainPageTest" time="0">
    <skipped/>
  </testcase>
  <testcase name="tearDown" classname="com.example.demo1.MainPageTest" time="0">
    <skipped/>
  </testcase>
  <testcase name="search" classname="com.example.demo1.MainPageTest" time="0">
    <skipped message="session not created: This version of ChromeDriver only supports Chrome version 114&#10;Current browser version is 133.0.6943.60 with binary path C:\Program Files\Google\Chrome\Application\chrome.exe&#10;Build info: version: &apos;3.141.59&apos;, revision: &apos;e82be7d358&apos;, time: &apos;2018-11-14T08:17:03&apos;&#10;System info: host: &apos;DESKTOP-LJON59K&apos;, ip: &apos;192.168.0.151&apos;, os.name: &apos;Windows 11&apos;, os.arch: &apos;amd64&apos;, os.version: &apos;10.0&apos;, java.version: &apos;23.0.2&apos;&#10;Driver info: driver.version: ChromeDriver&#10;remote stacktrace: Backtrace:&#10;	GetHandleVerifier [0x00B9A813+48355]&#10;	(No symbol) [0x00B2C4B1]&#10;	(No symbol) [0x00A35358]&#10;	(No symbol) [0x00A561AC]&#10;	(No symbol) [0x00A51EF3]&#10;	(No symbol) [0x00A50579]&#10;	(No symbol) [0x00A80C55]&#10;	(No symbol) [0x00A8093C]&#10;	(No symbol) [0x00A7A536]&#10;	(No symbol) [0x00A582DC]&#10;	(No symbol) [0x00A593DD]&#10;	GetHandleVerifier [0x00DFAABD+2539405]&#10;	GetHandleVerifier [0x00E3A78F+2800735]&#10;	GetHandleVerifier [0x00E3456C+2775612]&#10;	GetHandleVerifier [0x00C251E0+616112]&#10;	(No symbol) [0x00B35F8C]&#10;	(No symbol) [0x00B32328]&#10;	(No symbol) [0x00B3240B]&#10;	(No symbol) [0x00B24FF7]&#10;	BaseThreadInitThunk [0x75FF5D49+25]&#10;	RtlInitializeExceptionChain [0x7780CDEB+107]&#10;	RtlGetAppContainerNamedObjectPath [0x7780CD71+561]&#10;"/>
  </testcase>
  <testcase name="toolsMenu" classname="com.example.demo1.MainPageTest" time="0">
    <skipped message="session not created: This version of ChromeDriver only supports Chrome version 114&#10;Current browser version is 133.0.6943.60 with binary path C:\Program Files\Google\Chrome\Application\chrome.exe&#10;Build info: version: &apos;3.141.59&apos;, revision: &apos;e82be7d358&apos;, time: &apos;2018-11-14T08:17:03&apos;&#10;System info: host: &apos;DESKTOP-LJON59K&apos;, ip: &apos;192.168.0.151&apos;, os.name: &apos;Windows 11&apos;, os.arch: &apos;amd64&apos;, os.version: &apos;10.0&apos;, java.version: &apos;23.0.2&apos;&#10;Driver info: driver.version: ChromeDriver&#10;remote stacktrace: Backtrace:&#10;	GetHandleVerifier [0x00B9A813+48355]&#10;	(No symbol) [0x00B2C4B1]&#10;	(No symbol) [0x00A35358]&#10;	(No symbol) [0x00A561AC]&#10;	(No symbol) [0x00A51EF3]&#10;	(No symbol) [0x00A50579]&#10;	(No symbol) [0x00A80C55]&#10;	(No symbol) [0x00A8093C]&#10;	(No symbol) [0x00A7A536]&#10;	(No symbol) [0x00A582DC]&#10;	(No symbol) [0x00A593DD]&#10;	GetHandleVerifier [0x00DFAABD+2539405]&#10;	GetHandleVerifier [0x00E3A78F+2800735]&#10;	GetHandleVerifier [0x00E3456C+2775612]&#10;	GetHandleVerifier [0x00C251E0+616112]&#10;	(No symbol) [0x00B35F8C]&#10;	(No symbol) [0x00B32328]&#10;	(No symbol) [0x00B3240B]&#10;	(No symbol) [0x00B24FF7]&#10;	BaseThreadInitThunk [0x75FF5D49+25]&#10;	RtlInitializeExceptionChain [0x7780CDEB+107]&#10;	RtlGetAppContainerNamedObjectPath [0x7780CD71+561]&#10;"/>
  </testcase>
</testsuite>